<?xml version="1.0" encoding="UTF-8"?>
<!-- Generated by org.testng.reporters.JUnitReportReporter -->
<testsuite hostname="YOGI-PC" name="com.selenium.TestTes" tests="1" failures="0" timestamp="14 May 2016 16:15:13 GMT" time="13.061" errors="0">
  <testcase name="demoTest" time="13.061" classname="com.selenium.TestTes"/>
</testsuite> <!-- com.selenium.TestTes -->
