<?xml version="1.0" encoding="UTF-8"?>
<!-- Generated by org.testng.reporters.JUnitReportReporter -->
<testsuite hostname="YOGI-PC" name="com.selenium.AppTest" tests="1" failures="0" timestamp="14 May 2016 16:15:14 GMT" time="0.005" errors="0">
  <testcase name="testApp" time="0.005" classname="com.selenium.AppTest"/>
</testsuite> <!-- com.selenium.AppTest -->
